2025-08-19T23:45:02.286Z [info]: Commit Tag: $GIT_SHA 
2025-08-19T23:45:02.776Z [info]: Starting Jellyseerr version 2.7.3 
2025-08-19T23:45:03.690Z [info][Notifications]: Registered notification agents 
2025-08-19T23:45:03.695Z [info][Server]: Skipping starting the scheduled jobs as we have no Plex/Jellyfin/Emby servers setup yet 
2025-08-19T23:45:03.698Z [info][Discover Slider]: Creating built-in discovery slider {"slider":{"type":1,"enabled":true,"isBuiltIn":true,"order":0}}
2025-08-19T23:45:03.711Z [info][Discover Slider]: Creating built-in discovery slider {"slider":{"type":2,"enabled":true,"isBuiltIn":true,"order":1}}
2025-08-19T23:45:03.716Z [info][Discover Slider]: Creating built-in discovery slider {"slider":{"type":3,"enabled":true,"isBuiltIn":true,"order":2}}
2025-08-19T23:45:03.722Z [info][Discover Slider]: Creating built-in discovery slider {"slider":{"type":4,"enabled":true,"isBuiltIn":true,"order":3}}
2025-08-19T23:45:03.727Z [info][Discover Slider]: Creating built-in discovery slider {"slider":{"type":5,"enabled":true,"isBuiltIn":true,"order":4}}
2025-08-19T23:45:03.737Z [info][Discover Slider]: Creating built-in discovery slider {"slider":{"type":6,"enabled":true,"isBuiltIn":true,"order":5}}
2025-08-19T23:45:03.741Z [info][Discover Slider]: Creating built-in discovery slider {"slider":{"type":7,"enabled":true,"isBuiltIn":true,"order":6}}
2025-08-19T23:45:03.750Z [info][Discover Slider]: Creating built-in discovery slider {"slider":{"type":8,"enabled":true,"isBuiltIn":true,"order":7}}
2025-08-19T23:45:03.755Z [info][Discover Slider]: Creating built-in discovery slider {"slider":{"type":9,"enabled":true,"isBuiltIn":true,"order":8}}
2025-08-19T23:45:03.761Z [info][Discover Slider]: Creating built-in discovery slider {"slider":{"type":10,"enabled":true,"isBuiltIn":true,"order":9}}
2025-08-19T23:45:03.778Z [info][Discover Slider]: Creating built-in discovery slider {"slider":{"type":11,"enabled":true,"isBuiltIn":true,"order":10}}
2025-08-19T23:45:03.782Z [info][Discover Slider]: Creating built-in discovery slider {"slider":{"type":12,"enabled":true,"isBuiltIn":true,"order":11}}
2025-08-19T23:45:03.923Z [info][Server]: Server ready on port 5055 
2025-08-20T01:54:56.272Z [info]: Commit Tag: $GIT_SHA 
2025-08-20T01:54:56.692Z [info]: Starting Jellyseerr version 2.7.3 
2025-08-20T01:54:57.320Z [info][Notifications]: Registered notification agents 
2025-08-20T01:54:57.324Z [info][Server]: Skipping starting the scheduled jobs as we have no Plex/Jellyfin/Emby servers setup yet 
2025-08-20T01:54:57.455Z [info][Server]: Server ready on port 5055 
